Remove Pin=JP1-1 From Net=EN_GATE
Remove Pin=JP1-2 From Net=SPI_CS
Remove Pin=JP1-3 From Net=DC_CAL
Remove Pin=JP1-4 From Net=SPI_SDI
Remove Pin=JP1-5 From Net=PWRGD
Remove Pin=JP1-6 From Net=SPI_SDO
Remove Pin=JP1-7 From Net=nOCTW
Remove Pin=JP1-8 From Net=SPI_CLK
Remove Pin=JP1-9 From Net=nFAULT
Remove Pin=JP1-10 From Net=VV_AD
Remove Pin=JP1-11 From Net=SO1
Remove Pin=JP1-12 From Net=VU_AD
Remove Pin=JP1-13 From Net=SO2
Remove Pin=JP1-14 From Net=VW_AD
Remove Pin=JP1-15 From Net=GND
Remove Pin=JP1-16 From Net=PVDDSENSE
Remove Pin=JP2-1 From Net=INH_A
Remove Pin=JP2-2 From Net=INL_A
Remove Pin=JP2-3 From Net=INH_B
Remove Pin=JP2-4 From Net=INL_B
Remove Pin=JP2-5 From Net=INH_C
Remove Pin=JP2-6 From Net=INL_C
Remove Pin=JP2-7 From Net=PVDD
Remove Pin=JP2-8 From Net=PVDD
Remove Pin=JP2-9 From Net=+5
Remove Pin=JP2-10 From Net=+5
Remove Pin=JP2-11 From Net=VCC_3V3
Remove Pin=JP2-12 From Net=VCC_3V3
Remove Pin=JP2-13 From Net=SCL
Remove Pin=JP2-14 From Net=SDA
Remove Pin=JP2-15 From Net=GND
Remove Pin=JP2-16 From Net=GND
