Added Component: Designator=C1(C 0603_L)
Add component. Clean all parameters for all variants
Added Component: Designator=C2(C 0603_L)
Add component. Clean all parameters for all variants
Added Component: Designator=C3(C 0603_L)
Add component. Clean all parameters for all variants
Added Component: Designator=C4(C 0603_L)
Add component. Clean all parameters for all variants
Added Component: Designator=C5(C 0603_L)
Add component. Clean all parameters for all variants
Added Component: Designator=C6(C 0603_L)
Add component. Clean all parameters for all variants
Added Component: Designator=C7(C 0603_L)
Add component. Clean all parameters for all variants
Added Component: Designator=C8(C 0603_L)
Add component. Clean all parameters for all variants
Added Component: Designator=C9(C 0603_L)
Add component. Clean all parameters for all variants
Added Component: Designator=C10(C 0603_L)
Add component. Clean all parameters for all variants
Added Component: Designator=C11(C 0603_L)
Add component. Clean all parameters for all variants
Added Component: Designator=C12(C 0603_L)
Add component. Clean all parameters for all variants
Added Component: Designator=C13(C 0603_L)
Add component. Clean all parameters for all variants
Added Component: Designator=C14(C 0603_L)
Add component. Clean all parameters for all variants
Added Component: Designator=C15(C 0603_L)
Add component. Clean all parameters for all variants
Added Component: Designator=C16(C 0603_L)
Add component. Clean all parameters for all variants
Added Component: Designator=C17(C 0603_L)
Add component. Clean all parameters for all variants
Added Component: Designator=C18(C 0603_L)
Add component. Clean all parameters for all variants
Added Component: Designator=C19(C 0603_L)
Add component. Clean all parameters for all variants
Added Component: Designator=C20(C 0603_L)
Add component. Clean all parameters for all variants
Added Component: Designator=C21(C 0603_L)
Add component. Clean all parameters for all variants
Added Component: Designator=C22(C 0603_L)
Add component. Clean all parameters for all variants
Added Component: Designator=C23(C 0603_L)
Add component. Clean all parameters for all variants
Added Component: Designator=C24(C 0603_L)
Add component. Clean all parameters for all variants
Added Component: Designator=C25(C 0603_L)
Add component. Clean all parameters for all variants
Added Component: Designator=C26(C 0603_L)
Add component. Clean all parameters for all variants
Added Component: Designator=C27(C 0603_L)
Add component. Clean all parameters for all variants
Added Component: Designator=C28(C 0603_L)
Add component. Clean all parameters for all variants
Added Component: Designator=C29(C 0603_L)
Add component. Clean all parameters for all variants
Added Component: Designator=C30(C 0603_L)
Add component. Clean all parameters for all variants
Added Component: Designator=D1(R 0603_L)
Add component. Clean all parameters for all variants
Added Component: Designator=D2(SMA)
Add component. Clean all parameters for all variants
Add component (AddParameter): Name = "BOM名称"; Value = "肖特基二极管"; VariantName = "[No Variations]"
Add component (AddParameter): Name = "学习资源"; Value = "www.ooocke.com"; VariantName = "[No Variations]"
Add component (AddParameter): Name = "属性"; Value = "40V/3A"; VariantName = "[No Variations]"
Add component (AddParameter): Name = "版权归属"; Value = "源创客"; VariantName = "[No Variations]"
Added Component: Designator=D3(SMA)
Add component. Clean all parameters for all variants
Add component (AddParameter): Name = "BOM名称"; Value = "肖特基二极管"; VariantName = "[No Variations]"
Add component (AddParameter): Name = "学习资源"; Value = "www.ooocke.com"; VariantName = "[No Variations]"
Add component (AddParameter): Name = "属性"; Value = "40V/3A"; VariantName = "[No Variations]"
Add component (AddParameter): Name = "版权归属"; Value = "源创客"; VariantName = "[No Variations]"
Added Component: Designator=D4(SMA)
Add component. Clean all parameters for all variants
Add component (AddParameter): Name = "BOM名称"; Value = "肖特基二极管"; VariantName = "[No Variations]"
Add component (AddParameter): Name = "学习资源"; Value = "www.ooocke.com"; VariantName = "[No Variations]"
Add component (AddParameter): Name = "属性"; Value = "40V/3A"; VariantName = "[No Variations]"
Add component (AddParameter): Name = "版权归属"; Value = "源创客"; VariantName = "[No Variations]"
Added Component: Designator=D5(SMA)
Add component. Clean all parameters for all variants
Add component (AddParameter): Name = "BOM名称"; Value = "肖特基二极管"; VariantName = "[No Variations]"
Add component (AddParameter): Name = "学习资源"; Value = "www.ooocke.com"; VariantName = "[No Variations]"
Add component (AddParameter): Name = "属性"; Value = "40V/3A"; VariantName = "[No Variations]"
Add component (AddParameter): Name = "版权归属"; Value = "源创客"; VariantName = "[No Variations]"
Added Component: Designator=DR1(SMA)
Add component. Clean all parameters for all variants
Add component (AddParameter): Name = "BOM名称"; Value = "瞬态电压抑制二极管"; VariantName = "[No Variations]"
Add component (AddParameter): Name = "学习资源"; Value = "www.ooocke.com"; VariantName = "[No Variations]"
Add component (AddParameter): Name = "版权归属"; Value = "源创客"; VariantName = "[No Variations]"
Added Component: Designator=JP1(HDR2X8_CEN)
Add component. Clean all parameters for all variants
Add component (AddParameter): Name = "BOM名称"; Value = "8*2P接插件"; VariantName = "[No Variations]"
Add component (AddParameter): Name = "学习资源"; Value = "www.ooocke.com"; VariantName = "[No Variations]"
Add component (AddParameter): Name = "版权归属"; Value = "源创客"; VariantName = "[No Variations]"
Added Component: Designator=JP2(HDR2X8_CEN)
Add component. Clean all parameters for all variants
Add component (AddParameter): Name = "BOM名称"; Value = "8*2P接插件"; VariantName = "[No Variations]"
Add component (AddParameter): Name = "学习资源"; Value = "www.ooocke.com"; VariantName = "[No Variations]"
Add component (AddParameter): Name = "版权归属"; Value = "源创客"; VariantName = "[No Variations]"
Added Component: Designator=L1(CDRH74)
Add component. Clean all parameters for all variants
Add component (AddParameter): Name = "BOM名称"; Value = "小功率贴片电感"; VariantName = "[No Variations]"
Add component (AddParameter): Name = "学习资源"; Value = "www.ooocke.com"; VariantName = "[No Variations]"
Add component (AddParameter): Name = "版权归属"; Value = "源创客"; VariantName = "[No Variations]"
Added Component: Designator=Q1(IRF7480MTRPBF-3pin)
Add component. Clean all parameters for all variants
Add component (AddParameter): Name = "BOM名称"; Value = "N沟场效应管"; VariantName = "[No Variations]"
Add component (AddParameter): Name = "学习资源"; Value = "www.ooocke.com"; VariantName = "[No Variations]"
Add component (AddParameter): Name = "版权归属"; Value = "源创客"; VariantName = "[No Variations]"
Added Component: Designator=Q2(IRF7480MTRPBF-3pin)
Add component. Clean all parameters for all variants
Add component (AddParameter): Name = "BOM名称"; Value = "N沟场效应管"; VariantName = "[No Variations]"
Add component (AddParameter): Name = "学习资源"; Value = "www.ooocke.com"; VariantName = "[No Variations]"
Add component (AddParameter): Name = "版权归属"; Value = "源创客"; VariantName = "[No Variations]"
Added Component: Designator=Q3(IRF7480MTRPBF-3pin)
Add component. Clean all parameters for all variants
Add component (AddParameter): Name = "BOM名称"; Value = "N沟场效应管"; VariantName = "[No Variations]"
Add component (AddParameter): Name = "学习资源"; Value = "www.ooocke.com"; VariantName = "[No Variations]"
Add component (AddParameter): Name = "版权归属"; Value = "源创客"; VariantName = "[No Variations]"
Added Component: Designator=Q4(IRF7480MTRPBF-3pin)
Add component. Clean all parameters for all variants
Add component (AddParameter): Name = "BOM名称"; Value = "N沟场效应管"; VariantName = "[No Variations]"
Add component (AddParameter): Name = "学习资源"; Value = "www.ooocke.com"; VariantName = "[No Variations]"
Add component (AddParameter): Name = "版权归属"; Value = "源创客"; VariantName = "[No Variations]"
Added Component: Designator=Q5(IRF7480MTRPBF-3pin)
Add component. Clean all parameters for all variants
Add component (AddParameter): Name = "BOM名称"; Value = "N沟场效应管"; VariantName = "[No Variations]"
Add component (AddParameter): Name = "学习资源"; Value = "www.ooocke.com"; VariantName = "[No Variations]"
Add component (AddParameter): Name = "版权归属"; Value = "源创客"; VariantName = "[No Variations]"
Added Component: Designator=Q6(IRF7480MTRPBF-3pin)
Add component. Clean all parameters for all variants
Add component (AddParameter): Name = "BOM名称"; Value = "N沟场效应管"; VariantName = "[No Variations]"
Add component (AddParameter): Name = "学习资源"; Value = "www.ooocke.com"; VariantName = "[No Variations]"
Add component (AddParameter): Name = "版权归属"; Value = "源创客"; VariantName = "[No Variations]"
Added Component: Designator=R1(R 0603_L)
Add component. Clean all parameters for all variants
Added Component: Designator=R2(R 0603_L)
Add component. Clean all parameters for all variants
Added Component: Designator=R3(R 0603_L)
Add component. Clean all parameters for all variants
Added Component: Designator=R4(R 0603_L)
Add component. Clean all parameters for all variants
Added Component: Designator=R5(R 0603_L)
Add component. Clean all parameters for all variants
Added Component: Designator=R6(R 0603_L)
Add component. Clean all parameters for all variants
Added Component: Designator=R7(R 0603_L)
Add component. Clean all parameters for all variants
Added Component: Designator=R8(R 0603_L)
Add component. Clean all parameters for all variants
Added Component: Designator=R9(R 0603_L)
Add component. Clean all parameters for all variants
Added Component: Designator=R10(R 0603_L)
Add component. Clean all parameters for all variants
Added Component: Designator=R11(R 0603_L)
Add component. Clean all parameters for all variants
Added Component: Designator=R12(R 0603_L)
Add component. Clean all parameters for all variants
Added Component: Designator=R13(R 0603_L)
Add component. Clean all parameters for all variants
Added Component: Designator=R14(R 0603_L)
Add component. Clean all parameters for all variants
Added Component: Designator=R15(R 0603_L)
Add component. Clean all parameters for all variants
Added Component: Designator=R16(R 0603_L)
Add component. Clean all parameters for all variants
Added Component: Designator=R17(R 0603_L)
Add component. Clean all parameters for all variants
Added Component: Designator=R18(R 0603_L)
Add component. Clean all parameters for all variants
Added Component: Designator=R19(R 0603_L)
Add component. Clean all parameters for all variants
Added Component: Designator=R20(R 0603_L)
Add component. Clean all parameters for all variants
Added Component: Designator=R21(R 0603_L)
Add component. Clean all parameters for all variants
Added Component: Designator=R22(R 0603_L)
Add component. Clean all parameters for all variants
Added Component: Designator=R23(R 0603_L)
Add component. Clean all parameters for all variants
Added Component: Designator=R24(R 0603_L)
Add component. Clean all parameters for all variants
Added Component: Designator=R25(R 0603_L)
Add component. Clean all parameters for all variants
Added Component: Designator=R26(R 0603_L)
Add component. Clean all parameters for all variants
Added Component: Designator=R27(R 0603_L)
Add component. Clean all parameters for all variants
Added Component: Designator=R28(R 0603_L)
Add component. Clean all parameters for all variants
Added Component: Designator=R29(R 0603_L)
Add component. Clean all parameters for all variants
Added Component: Designator=R30(R 0603_L)
Add component. Clean all parameters for all variants
Added Component: Designator=TC1(C 1210_L)
Add component. Clean all parameters for all variants
Added Component: Designator=TC2(C 1210_L)
Add component. Clean all parameters for all variants
Added Component: Designator=TC3(C 1210_L)
Add component. Clean all parameters for all variants
Added Component: Designator=U1(HC-1.0-7PWT)
Add component. Clean all parameters for all variants
Added Component: Designator=U2(SSOP56)
Add component. Clean all parameters for all variants
Added Pin To Net: NetName=+5 Pin=C4-1
Added Pin To Net: NetName=+5 Pin=C5-1
Added Pin To Net: NetName=+5 Pin=C12-1
Added Pin To Net: NetName=+5 Pin=C13-1
Added Pin To Net: NetName=+5 Pin=C14-1
Added Pin To Net: NetName=+5 Pin=C20-1
Added Pin To Net: NetName=+5 Pin=C21-1
Added Pin To Net: NetName=+5 Pin=C28-1
Added Pin To Net: NetName=+5 Pin=C29-1
Added Pin To Net: NetName=+5 Pin=D2-2
Added Pin To Net: NetName=+5 Pin=D3-2
Added Pin To Net: NetName=+5 Pin=D4-2
Added Pin To Net: NetName=+5 Pin=D5-2
Added Pin To Net: NetName=+5 Pin=JP2-7
Added Pin To Net: NetName=+5 Pin=JP2-8
Added Pin To Net: NetName=+5 Pin=JP2-9
Added Pin To Net: NetName=+5 Pin=JP2-10
Added Pin To Net: NetName=+5 Pin=L1-2
Added Pin To Net: NetName=+5 Pin=Q1-3
Added Pin To Net: NetName=+5 Pin=Q1-3
Added Pin To Net: NetName=+5 Pin=Q1-3
Added Pin To Net: NetName=+5 Pin=Q1-3
Added Pin To Net: NetName=+5 Pin=Q2-3
Added Pin To Net: NetName=+5 Pin=Q2-3
Added Pin To Net: NetName=+5 Pin=Q2-3
Added Pin To Net: NetName=+5 Pin=Q2-3
Added Pin To Net: NetName=+5 Pin=Q3-3
Added Pin To Net: NetName=+5 Pin=Q3-3
Added Pin To Net: NetName=+5 Pin=Q3-3
Added Pin To Net: NetName=+5 Pin=Q3-3
Added Pin To Net: NetName=+5 Pin=R2-2
Added Pin To Net: NetName=+5 Pin=R7-2
Added Pin To Net: NetName=+5 Pin=R8-2
Added Pin To Net: NetName=+5 Pin=R9-2
Added Pin To Net: NetName=+5 Pin=R28-2
Added Pin To Net: NetName=+5 Pin=TC1-1
Added Pin To Net: NetName=+5 Pin=TC2-1
Added Pin To Net: NetName=+5 Pin=TC3-1
Added Pin To Net: NetName=+5 Pin=U2-29
Added Pin To Net: NetName=+5 Pin=U2-49
Added Pin To Net: NetName=+5 Pin=U2-53
Added Pin To Net: NetName=+5 Pin=U2-54
Added Net: Name=+5
Added Pin To Net: NetName=AAA Pin=C7-1
Added Pin To Net: NetName=AAA Pin=Q1-2
Added Pin To Net: NetName=AAA Pin=Q1-2
Added Pin To Net: NetName=AAA Pin=Q1-2
Added Pin To Net: NetName=AAA Pin=Q1-2
Added Pin To Net: NetName=AAA Pin=Q1-2
Added Pin To Net: NetName=AAA Pin=Q4-3
Added Pin To Net: NetName=AAA Pin=Q4-3
Added Pin To Net: NetName=AAA Pin=Q4-3
Added Pin To Net: NetName=AAA Pin=Q4-3
Added Pin To Net: NetName=AAA Pin=R16-2
Added Pin To Net: NetName=AAA Pin=U1-5
Added Pin To Net: NetName=AAA Pin=U2-46
Added Net: Name=AAA
Added Pin To Net: NetName=BBB Pin=C9-2
Added Pin To Net: NetName=BBB Pin=Q2-2
Added Pin To Net: NetName=BBB Pin=Q2-2
Added Pin To Net: NetName=BBB Pin=Q2-2
Added Pin To Net: NetName=BBB Pin=Q2-2
Added Pin To Net: NetName=BBB Pin=Q2-2
Added Pin To Net: NetName=BBB Pin=Q5-3
Added Pin To Net: NetName=BBB Pin=Q5-3
Added Pin To Net: NetName=BBB Pin=Q5-3
Added Pin To Net: NetName=BBB Pin=Q5-3
Added Pin To Net: NetName=BBB Pin=R17-2
Added Pin To Net: NetName=BBB Pin=U1-6
Added Pin To Net: NetName=BBB Pin=U2-41
Added Net: Name=BBB
Added Pin To Net: NetName=CCC Pin=C11-2
Added Pin To Net: NetName=CCC Pin=Q3-2
Added Pin To Net: NetName=CCC Pin=Q3-2
Added Pin To Net: NetName=CCC Pin=Q3-2
Added Pin To Net: NetName=CCC Pin=Q3-2
Added Pin To Net: NetName=CCC Pin=Q3-2
Added Pin To Net: NetName=CCC Pin=Q6-3
Added Pin To Net: NetName=CCC Pin=Q6-3
Added Pin To Net: NetName=CCC Pin=Q6-3
Added Pin To Net: NetName=CCC Pin=Q6-3
Added Pin To Net: NetName=CCC Pin=R18-2
Added Pin To Net: NetName=CCC Pin=U1-7
Added Pin To Net: NetName=CCC Pin=U2-36
Added Net: Name=CCC
Added Pin To Net: NetName=DC_CAL Pin=JP1-3
Added Pin To Net: NetName=DC_CAL Pin=U2-12
Added Net: Name=DC_CAL
Added Pin To Net: NetName=EN_GATE Pin=JP1-1
Added Pin To Net: NetName=EN_GATE Pin=U2-16
Added Net: Name=EN_GATE
Added Pin To Net: NetName=GH_A Pin=R13-1
Added Pin To Net: NetName=GH_A Pin=U2-47
Added Net: Name=GH_A
Added Pin To Net: NetName=GH_B Pin=R14-1
Added Pin To Net: NetName=GH_B Pin=U2-42
Added Net: Name=GH_B
Added Pin To Net: NetName=GH_C Pin=R15-1
Added Pin To Net: NetName=GH_C Pin=U2-37
Added Net: Name=GH_C
Added Pin To Net: NetName=GL_A Pin=R19-1
Added Pin To Net: NetName=GL_A Pin=U2-45
Added Net: Name=GL_A
Added Pin To Net: NetName=GL_B Pin=R20-1
Added Pin To Net: NetName=GL_B Pin=U2-40
Added Net: Name=GL_B
Added Pin To Net: NetName=GL_C Pin=R21-1
Added Pin To Net: NetName=GL_C Pin=U2-35
Added Net: Name=GL_C
Added Pin To Net: NetName=GND Pin=C1-2
Added Pin To Net: NetName=GND Pin=C2-2
Added Pin To Net: NetName=GND Pin=C3-2
Added Pin To Net: NetName=GND Pin=C4-2
Added Pin To Net: NetName=GND Pin=C5-2
Added Pin To Net: NetName=GND Pin=C8-2
Added Pin To Net: NetName=GND Pin=C12-2
Added Pin To Net: NetName=GND Pin=C13-2
Added Pin To Net: NetName=GND Pin=C14-2
Added Pin To Net: NetName=GND Pin=C15-1
Added Pin To Net: NetName=GND Pin=C16-2
Added Pin To Net: NetName=GND Pin=C17-2
Added Pin To Net: NetName=GND Pin=C18-2
Added Pin To Net: NetName=GND Pin=C19-1
Added Pin To Net: NetName=GND Pin=C20-2
Added Pin To Net: NetName=GND Pin=C21-2
Added Pin To Net: NetName=GND Pin=C22-2
Added Pin To Net: NetName=GND Pin=C23-2
Added Pin To Net: NetName=GND Pin=C24-2
Added Pin To Net: NetName=GND Pin=C29-2
Added Pin To Net: NetName=GND Pin=C30-2
Added Pin To Net: NetName=GND Pin=D1-1
Added Pin To Net: NetName=GND Pin=DR1-2
Added Pin To Net: NetName=GND Pin=JP1-15
Added Pin To Net: NetName=GND Pin=JP2-15
Added Pin To Net: NetName=GND Pin=JP2-16
Added Pin To Net: NetName=GND Pin=R5-1
Added Pin To Net: NetName=GND Pin=R6-2
Added Pin To Net: NetName=GND Pin=R10-1
Added Pin To Net: NetName=GND Pin=R22-1
Added Pin To Net: NetName=GND Pin=R23-1
Added Pin To Net: NetName=GND Pin=R24-1
Added Pin To Net: NetName=GND Pin=R29-1
Added Pin To Net: NetName=GND Pin=R30-1
Added Pin To Net: NetName=GND Pin=TC1-2
Added Pin To Net: NetName=GND Pin=TC2-2
Added Pin To Net: NetName=GND Pin=TC3-2
Added Pin To Net: NetName=GND Pin=U1-3
Added Pin To Net: NetName=GND Pin=U1-8
Added Pin To Net: NetName=GND Pin=U1-9
Added Pin To Net: NetName=GND Pin=U2-28
Added Pin To Net: NetName=GND Pin=U2-57
Added Net: Name=GND
Added Pin To Net: NetName=INH_A Pin=JP2-1
Added Pin To Net: NetName=INH_A Pin=U2-17
Added Net: Name=INH_A
Added Pin To Net: NetName=INH_B Pin=JP2-3
Added Pin To Net: NetName=INH_B Pin=U2-19
Added Net: Name=INH_B
Added Pin To Net: NetName=INH_C Pin=JP2-5
Added Pin To Net: NetName=INH_C Pin=U2-21
Added Net: Name=INH_C
Added Pin To Net: NetName=INL_A Pin=JP2-2
Added Pin To Net: NetName=INL_A Pin=U2-18
Added Net: Name=INL_A
Added Pin To Net: NetName=INL_B Pin=JP2-4
Added Pin To Net: NetName=INL_B Pin=U2-20
Added Net: Name=INL_B
Added Pin To Net: NetName=INL_C Pin=JP2-6
Added Pin To Net: NetName=INL_C Pin=U2-22
Added Net: Name=INL_C
Added Pin To Net: NetName=NetC1_1 Pin=C1-1
Added Pin To Net: NetName=NetC1_1 Pin=R1-2
Added Pin To Net: NetName=NetC1_1 Pin=U2-2
Added Net: Name=NetC1_1
Added Pin To Net: NetName=NetC2_1 Pin=C2-1
Added Pin To Net: NetName=NetC2_1 Pin=R1-1
Added Net: Name=NetC2_1
Added Pin To Net: NetName=NetC3_1 Pin=C3-1
Added Pin To Net: NetName=NetC3_1 Pin=U2-56
Added Net: Name=NetC3_1
Added Pin To Net: NetName=NetC6_1 Pin=C6-1
Added Pin To Net: NetName=NetC6_1 Pin=U2-52
Added Net: Name=NetC6_1
Added Pin To Net: NetName=NetC6_2 Pin=C6-2
Added Pin To Net: NetName=NetC6_2 Pin=DR1-1
Added Pin To Net: NetName=NetC6_2 Pin=L1-1
Added Pin To Net: NetName=NetC6_2 Pin=U2-50
Added Pin To Net: NetName=NetC6_2 Pin=U2-51
Added Net: Name=NetC6_2
Added Pin To Net: NetName=NetC7_2 Pin=C7-2
Added Pin To Net: NetName=NetC7_2 Pin=U2-48
Added Net: Name=NetC7_2
Added Pin To Net: NetName=NetC8_1 Pin=C8-1
Added Pin To Net: NetName=NetC8_1 Pin=U2-13
Added Net: Name=NetC8_1
Added Pin To Net: NetName=NetC9_1 Pin=C9-1
Added Pin To Net: NetName=NetC9_1 Pin=U2-43
Added Net: Name=NetC9_1
Added Pin To Net: NetName=NetC10_1 Pin=C10-1
Added Pin To Net: NetName=NetC10_1 Pin=U2-15
Added Net: Name=NetC10_1
Added Pin To Net: NetName=NetC10_2 Pin=C10-2
Added Pin To Net: NetName=NetC10_2 Pin=U2-14
Added Net: Name=NetC10_2
Added Pin To Net: NetName=NetC11_1 Pin=C11-1
Added Pin To Net: NetName=NetC11_1 Pin=U2-38
Added Net: Name=NetC11_1
Added Pin To Net: NetName=NetC15_2 Pin=C15-2
Added Pin To Net: NetName=NetC15_2 Pin=U2-23
Added Net: Name=NetC15_2
Added Pin To Net: NetName=NetC19_2 Pin=C19-2
Added Pin To Net: NetName=NetC19_2 Pin=U2-27
Added Net: Name=NetC19_2
Added Pin To Net: NetName=NetC27_2 Pin=C27-2
Added Pin To Net: NetName=NetC27_2 Pin=R27-1
Added Net: Name=NetC27_2
Added Pin To Net: NetName=NetC28_2 Pin=C28-2
Added Pin To Net: NetName=NetC28_2 Pin=R29-2
Added Net: Name=NetC28_2
Added Pin To Net: NetName=NetQ1_1 Pin=Q1-1
Added Pin To Net: NetName=NetQ1_1 Pin=R13-2
Added Net: Name=NetQ1_1
Added Pin To Net: NetName=NetQ2_1 Pin=Q2-1
Added Pin To Net: NetName=NetQ2_1 Pin=R14-2
Added Net: Name=NetQ2_1
Added Pin To Net: NetName=NetQ3_1 Pin=Q3-1
Added Pin To Net: NetName=NetQ3_1 Pin=R15-2
Added Net: Name=NetQ3_1
Added Pin To Net: NetName=NetQ4_1 Pin=Q4-1
Added Pin To Net: NetName=NetQ4_1 Pin=R19-2
Added Net: Name=NetQ4_1
Added Pin To Net: NetName=NetQ5_1 Pin=Q5-1
Added Pin To Net: NetName=NetQ5_1 Pin=R20-2
Added Net: Name=NetQ5_1
Added Pin To Net: NetName=NetQ6_1 Pin=Q6-1
Added Pin To Net: NetName=NetQ6_1 Pin=R21-2
Added Net: Name=NetQ6_1
Added Pin To Net: NetName=NetR2_1 Pin=R2-1
Added Pin To Net: NetName=NetR2_1 Pin=R5-2
Added Pin To Net: NetName=NetR2_1 Pin=U2-3
Added Net: Name=NetR2_1
Added Pin To Net: NetName=NetR3_2 Pin=R3-2
Added Pin To Net: NetName=NetR3_2 Pin=U1-1
Added Net: Name=NetR3_2
Added Pin To Net: NetName=NetR4_2 Pin=R4-2
Added Pin To Net: NetName=NetR4_2 Pin=U1-2
Added Net: Name=NetR4_2
Added Pin To Net: NetName=NetR6_1 Pin=R6-1
Added Pin To Net: NetName=NetR6_1 Pin=U2-1
Added Net: Name=NetR6_1
Added Pin To Net: NetName=NetR10_2 Pin=R10-2
Added Pin To Net: NetName=NetR10_2 Pin=U2-7
Added Net: Name=NetR10_2
Added Pin To Net: NetName=NetR11_2 Pin=R11-2
Added Pin To Net: NetName=NetR11_2 Pin=U2-25
Added Net: Name=NetR11_2
Added Pin To Net: NetName=NetR12_2 Pin=R12-2
Added Pin To Net: NetName=NetR12_2 Pin=U2-26
Added Net: Name=NetR12_2
Added Pin To Net: NetName=NetR28_1 Pin=R28-1
Added Pin To Net: NetName=NetR28_1 Pin=R30-2
Added Net: Name=NetR28_1
Added Pin To Net: NetName=nFAULT Pin=JP1-9
Added Pin To Net: NetName=nFAULT Pin=R7-1
Added Pin To Net: NetName=nFAULT Pin=U2-6
Added Net: Name=nFAULT
Added Pin To Net: NetName=nOCTW Pin=JP1-7
Added Pin To Net: NetName=nOCTW Pin=R8-1
Added Pin To Net: NetName=nOCTW Pin=U2-5
Added Net: Name=nOCTW
Added Pin To Net: NetName=PVDDSENSE Pin=C30-1
Added Pin To Net: NetName=PVDDSENSE Pin=D5-1
Added Pin To Net: NetName=PVDDSENSE Pin=JP1-16
Added Net: Name=PVDDSENSE
Added Pin To Net: NetName=PWRGD Pin=JP1-5
Added Pin To Net: NetName=PWRGD Pin=R9-1
Added Pin To Net: NetName=PWRGD Pin=U2-4
Added Net: Name=PWRGD
Added Pin To Net: NetName=SCL Pin=JP2-13
Added Pin To Net: NetName=SCL Pin=R3-1
Added Net: Name=SCL
Added Pin To Net: NetName=SDA Pin=JP2-14
Added Pin To Net: NetName=SDA Pin=R4-1
Added Net: Name=SDA
Added Pin To Net: NetName=SL_A Pin=C25-1
Added Pin To Net: NetName=SL_A Pin=Q4-2
Added Pin To Net: NetName=SL_A Pin=Q4-2
Added Pin To Net: NetName=SL_A Pin=Q4-2
Added Pin To Net: NetName=SL_A Pin=Q4-2
Added Pin To Net: NetName=SL_A Pin=Q4-2
Added Pin To Net: NetName=SL_A Pin=R25-2
Added Pin To Net: NetName=SL_A Pin=U2-33
Added Pin To Net: NetName=SL_A Pin=U2-44
Added Net: Name=SL_A
Added Pin To Net: NetName=SL_B Pin=C26-1
Added Pin To Net: NetName=SL_B Pin=Q5-2
Added Pin To Net: NetName=SL_B Pin=Q5-2
Added Pin To Net: NetName=SL_B Pin=Q5-2
Added Pin To Net: NetName=SL_B Pin=Q5-2
Added Pin To Net: NetName=SL_B Pin=Q5-2
Added Pin To Net: NetName=SL_B Pin=R26-2
Added Pin To Net: NetName=SL_B Pin=U2-31
Added Pin To Net: NetName=SL_B Pin=U2-39
Added Net: Name=SL_B
Added Pin To Net: NetName=SL_C Pin=C27-1
Added Pin To Net: NetName=SL_C Pin=Q6-2
Added Pin To Net: NetName=SL_C Pin=Q6-2
Added Pin To Net: NetName=SL_C Pin=Q6-2
Added Pin To Net: NetName=SL_C Pin=Q6-2
Added Pin To Net: NetName=SL_C Pin=Q6-2
Added Pin To Net: NetName=SL_C Pin=R27-2
Added Pin To Net: NetName=SL_C Pin=U2-34
Added Net: Name=SL_C
Added Pin To Net: NetName=SO1 Pin=C18-1
Added Pin To Net: NetName=SO1 Pin=JP1-11
Added Pin To Net: NetName=SO1 Pin=R11-1
Added Net: Name=SO1
Added Pin To Net: NetName=SO2 Pin=C17-1
Added Pin To Net: NetName=SO2 Pin=JP1-13
Added Pin To Net: NetName=SO2 Pin=R12-1
Added Net: Name=SO2
Added Pin To Net: NetName=SP1 Pin=C25-2
Added Pin To Net: NetName=SP1 Pin=R25-1
Added Pin To Net: NetName=SP1 Pin=U2-32
Added Net: Name=SP1
Added Pin To Net: NetName=SP2 Pin=C26-2
Added Pin To Net: NetName=SP2 Pin=R26-1
Added Pin To Net: NetName=SP2 Pin=U2-30
Added Net: Name=SP2
Added Pin To Net: NetName=SPI_CLK Pin=JP1-8
Added Pin To Net: NetName=SPI_CLK Pin=U2-11
Added Net: Name=SPI_CLK
Added Pin To Net: NetName=SPI_CS Pin=JP1-2
Added Pin To Net: NetName=SPI_CS Pin=U2-8
Added Net: Name=SPI_CS
Added Pin To Net: NetName=SPI_SDI Pin=JP1-4
Added Pin To Net: NetName=SPI_SDI Pin=U2-9
Added Net: Name=SPI_SDI
Added Pin To Net: NetName=SPI_SDO Pin=JP1-6
Added Pin To Net: NetName=SPI_SDO Pin=U2-10
Added Net: Name=SPI_SDO
Added Pin To Net: NetName=VCC_3V3 Pin=C16-1
Added Pin To Net: NetName=VCC_3V3 Pin=D1-2
Added Pin To Net: NetName=VCC_3V3 Pin=JP2-11
Added Pin To Net: NetName=VCC_3V3 Pin=JP2-12
Added Pin To Net: NetName=VCC_3V3 Pin=U1-4
Added Pin To Net: NetName=VCC_3V3 Pin=U2-24
Added Net: Name=VCC_3V3
Added Pin To Net: NetName=VU_AD Pin=C22-1
Added Pin To Net: NetName=VU_AD Pin=D2-1
Added Pin To Net: NetName=VU_AD Pin=JP1-12
Added Pin To Net: NetName=VU_AD Pin=R16-1
Added Pin To Net: NetName=VU_AD Pin=R22-2
Added Net: Name=VU_AD
Added Pin To Net: NetName=VV_AD Pin=C23-1
Added Pin To Net: NetName=VV_AD Pin=D3-1
Added Pin To Net: NetName=VV_AD Pin=JP1-10
Added Pin To Net: NetName=VV_AD Pin=R17-1
Added Pin To Net: NetName=VV_AD Pin=R23-2
Added Net: Name=VV_AD
Added Pin To Net: NetName=VW_AD Pin=C24-1
Added Pin To Net: NetName=VW_AD Pin=D4-1
Added Pin To Net: NetName=VW_AD Pin=JP1-14
Added Pin To Net: NetName=VW_AD Pin=R18-1
Added Pin To Net: NetName=VW_AD Pin=R24-2
Added Net: Name=VW_AD
Added Class: Name=DRV8301_project
Added Room: Name=DRV8301_project
