Removed Pin From Net: NetName=+5 Pin=D2-2
Removed Pin From Net: NetName=+5 Pin=D3-2
Removed Pin From Net: NetName=+5 Pin=D4-2
Removed Pin From Net: NetName=+5 Pin=D5-2
Removed Pin From Net: NetName=+5 Pin=JP2-9
Removed Pin From Net: NetName=+5 Pin=JP2-10
Removed Pin From Net: NetName=+5 Pin=L1-2
Removed Pin From Net: NetName=AAA Pin=Q1-2
Removed Pin From Net: NetName=AAA Pin=Q1-2
Removed Pin From Net: NetName=AAA Pin=Q1-2
Removed Pin From Net: NetName=AAA Pin=Q1-2
Removed Pin From Net: NetName=AAA Pin=Q1-2
Removed Pin From Net: NetName=+5 Pin=Q1-3
Removed Pin From Net: NetName=+5 Pin=Q1-3
Removed Pin From Net: NetName=+5 Pin=Q1-3
Removed Pin From Net: NetName=+5 Pin=Q1-3
Removed Pin From Net: NetName=+5 Pin=R2-2
Removed Pin From Net: NetName=SDA Pin=R4-1
Removed Pin From Net: NetName=+5 Pin=R7-2
Removed Pin From Net: NetName=+5 Pin=R8-2
Removed Pin From Net: NetName=+5 Pin=R9-2
Removed Pin From Net: NetName=+5 Pin=TC1-1
Removed Pin From Net: NetName=+5 Pin=U2-49
Removed Member From Class: ClassName=DRV8301_project Member=Q1
Added Component: Designator=Q?(IRF7480MTRPBF-3pin)
Add component. Clean all parameters for all variants
Add component (AddParameter): Name = "BOM名称"; Value = "N沟场效应管"; VariantName = "[No Variations]"
Add component (AddParameter): Name = "学习资源"; Value = "www.ooocke.com"; VariantName = "[No Variations]"
Add component (AddParameter): Name = "版权归属"; Value = "源创客"; VariantName = "[No Variations]"
Added Pin To Net: NetName=AAA Pin=Q?-2
Added Pin To Net: NetName=AAA Pin=Q?-2
Added Pin To Net: NetName=AAA Pin=Q?-2
Added Pin To Net: NetName=AAA Pin=Q?-2
Added Pin To Net: NetName=AAA Pin=Q?-2
Added Pin To Net: NetName=+5 Pin=Q?-3
Added Pin To Net: NetName=+5 Pin=Q?-3
Added Pin To Net: NetName=+5 Pin=Q?-3
Added Pin To Net: NetName=+5 Pin=Q?-3
Added Pin To Net: NetName=PVDDSENSE Pin=R28-1
Added Pin To Net: NetName=PVDDSENSE Pin=R30-2
Change Net Name : Old Net Name=+5 New Net Name=PVDD
Added Pin To Net: NetName=+5 Pin=D2-2
Added Pin To Net: NetName=+5 Pin=D3-2
Added Pin To Net: NetName=+5 Pin=D4-2
Added Pin To Net: NetName=+5 Pin=D5-2
Added Pin To Net: NetName=+5 Pin=JP2-9
Added Pin To Net: NetName=+5 Pin=JP2-10
Added Pin To Net: NetName=+5 Pin=L1-2
Added Pin To Net: NetName=+5 Pin=R2-2
Added Pin To Net: NetName=+5 Pin=R7-2
Added Pin To Net: NetName=+5 Pin=R8-2
Added Pin To Net: NetName=+5 Pin=R9-2
Added Pin To Net: NetName=+5 Pin=TC1-1
Added Pin To Net: NetName=+5 Pin=U2-49
Added Net: Name=+5
Added Pin To Net: NetName=M1_SCL Pin=R4-1
Added Net: Name=M1_SCL
Added Pin To Net: NetName=NetQ?_1 Pin=Q?-1
Added Pin To Net: NetName=NetQ?_1 Pin=R13-2
Added Net: Name=NetQ?_1
Added Member To Class: ClassName=DRV8301_project Member=Component Q? IRF7480
